<?xml version="1.0" encoding="UTF-8"?>
<testng-results skipped="2" failed="0" total="2" passed="0">
  <reporter-output>
  </reporter-output>
  <suite name="navaccessories.com" duration-ms="737" started-at="2019-04-08T06:48:08Z" finished-at="2019-04-08T06:48:09Z">
    <groups>
    </groups>
    <test name="Test" duration-ms="737" started-at="2019-04-08T06:48:08Z" finished-at="2019-04-08T06:48:09Z">
      <class name="navaccessories.com.testCasse.Sign_Up_001">
        <test-method status="FAIL" signature="setup(java.lang.String)[pri:0, instance:navaccessories.com.testCasse.Sign_Up_001@18be83e4]" name="setup" is-config="true" duration-ms="0" started-at="2019-04-08T12:18:08Z" finished-at="2019-04-08T12:18:08Z">
          <params>
            <param index="0">
              <value>
                <![CDATA[firefox]]>
              </value>
            </param>
          </params>
          <exception class="java.lang.IllegalStateException">
            <message>
              <![CDATA[The path to the driver executable must be set by the webdriver.gecko.driver system property; for more information, see https://github.com/mozilla/geckodriver. The latest version can be downloaded from https://github.com/mozilla/geckodriver/releases]]>
            </message>
            <full-stacktrace>
              <![CDATA[java.lang.IllegalStateException: The path to the driver executable must be set by the webdriver.gecko.driver system property; for more information, see https://github.com/mozilla/geckodriver. The latest version can be downloaded from https://github.com/mozilla/geckodriver/releases
	at com.google.common.base.Preconditions.checkState(Preconditions.java:847)
	at org.openqa.selenium.remote.service.DriverService.findExecutable(DriverService.java:134)
	at org.openqa.selenium.firefox.GeckoDriverService.access$100(GeckoDriverService.java:44)
	at org.openqa.selenium.firefox.GeckoDriverService$Builder.findDefaultExecutable(GeckoDriverService.java:167)
	at org.openqa.selenium.remote.service.DriverService$Builder.build(DriverService.java:355)
	at org.openqa.selenium.firefox.FirefoxDriver.toExecutor(FirefoxDriver.java:190)
	at org.openqa.selenium.firefox.FirefoxDriver.<init>(FirefoxDriver.java:147)
	at org.openqa.selenium.firefox.FirefoxDriver.<init>(FirefoxDriver.java:125)
	at navaccessories.com.testCasse.BaseClass.setup(BaseClass.java:56)
	at sun.reflect.NativeMethodAccessorImpl.invoke0(Native Method)
	at sun.reflect.NativeMethodAccessorImpl.invoke(NativeMethodAccessorImpl.java:62)
	at sun.reflect.DelegatingMethodAccessorImpl.invoke(DelegatingMethodAccessorImpl.java:43)
	at java.lang.reflect.Method.invoke(Method.java:498)
	at org.testng.internal.MethodInvocationHelper.invokeMethod(MethodInvocationHelper.java:80)
	at org.testng.internal.Invoker.invokeConfigurationMethod(Invoker.java:564)
	at org.testng.internal.Invoker.invokeConfigurations(Invoker.java:213)
	at org.testng.internal.Invoker.invokeConfigurations(Invoker.java:138)
	at org.testng.internal.TestMethodWorker.invokeBeforeClassMethods(TestMethodWorker.java:175)
	at org.testng.internal.TestMethodWorker.run(TestMethodWorker.java:107)
	at org.testng.TestRunner.privateRun(TestRunner.java:767)
	at org.testng.TestRunner.run(TestRunner.java:617)
	at org.testng.SuiteRunner.runTest(SuiteRunner.java:334)
	at org.testng.SuiteRunner.runSequentially(SuiteRunner.java:329)
	at org.testng.SuiteRunner.privateRun(SuiteRunner.java:291)
	at org.testng.SuiteRunner.run(SuiteRunner.java:240)
	at org.testng.SuiteRunnerWorker.runSuite(SuiteRunnerWorker.java:52)
	at org.testng.SuiteRunnerWorker.run(SuiteRunnerWorker.java:86)
	at org.testng.TestNG.runSuitesSequentially(TestNG.java:1198)
	at org.testng.TestNG.runSuitesLocally(TestNG.java:1123)
	at org.testng.TestNG.run(TestNG.java:1031)
	at org.testng.remote.AbstractRemoteTestNG.run(AbstractRemoteTestNG.java:132)
	at org.testng.remote.RemoteTestNG.initAndRun(RemoteTestNG.java:236)
	at org.testng.remote.RemoteTestNG.main(RemoteTestNG.java:81)
]]>
            </full-stacktrace>
          </exception> <!-- java.lang.IllegalStateException -->
          <reporter-output>
          </reporter-output>
        </test-method> <!-- setup -->
        <test-method status="SKIP" signature="Registration()[pri:0, instance:navaccessories.com.testCasse.Sign_Up_001@18be83e4]" name="Registration" duration-ms="3" started-at="2019-04-08T12:18:09Z" finished-at="2019-04-08T12:18:09Z">
          <reporter-output>
          </reporter-output>
        </test-method> <!-- Registration -->
        <test-method status="SKIP" signature="tearDown()[pri:0, instance:navaccessories.com.testCasse.Sign_Up_001@18be83e4]" name="tearDown" is-config="true" duration-ms="0" started-at="2019-04-08T12:18:09Z" finished-at="2019-04-08T12:18:09Z">
          <reporter-output>
          </reporter-output>
        </test-method> <!-- tearDown -->
      </class> <!-- navaccessories.com.testCasse.Sign_Up_001 -->
      <class name="navaccessories.com.testCasse.Login_001">
        <test-method status="SKIP" signature="setup(java.lang.String)[pri:0, instance:navaccessories.com.testCasse.Login_001@61832929]" name="setup" is-config="true" duration-ms="0" started-at="2019-04-08T12:18:09Z" finished-at="2019-04-08T12:18:09Z">
          <reporter-output>
          </reporter-output>
        </test-method> <!-- setup -->
        <test-method status="SKIP" signature="Login()[pri:0, instance:navaccessories.com.testCasse.Login_001@61832929]" name="Login" duration-ms="1" started-at="2019-04-08T12:18:09Z" finished-at="2019-04-08T12:18:09Z">
          <reporter-output>
          </reporter-output>
        </test-method> <!-- Login -->
        <test-method status="SKIP" signature="tearDown()[pri:0, instance:navaccessories.com.testCasse.Login_001@61832929]" name="tearDown" is-config="true" duration-ms="0" started-at="2019-04-08T12:18:09Z" finished-at="2019-04-08T12:18:09Z">
          <reporter-output>
          </reporter-output>
        </test-method> <!-- tearDown -->
      </class> <!-- navaccessories.com.testCasse.Login_001 -->
    </test> <!-- Test -->
  </suite> <!-- navaccessories.com -->
</testng-results>
